CrmSvcUtil Error: 2 : Exiting program with exit code 2 due to exception : System.NotSupportedException: Could not load provider of type 'CrmSvcUtilExtensions.BasicFilteringService, CrmSvcUtilExtensions'
   en Microsoft.Crm.Services.Utility.ServiceFactory.CreateInstance[TIService](TIService defaultServiceInstance, String parameterValue, CrmSvcUtilParameters parameters)
   en Microsoft.Crm.Services.Utility.ServiceProvider.InitializeServices(CrmSvcUtilParameters parameters)
   en Microsoft.Crm.Services.Utility.CrmSvcUtil.get_ServiceProvider()
   en Microsoft.Crm.Services.Utility.CrmSvcUtil.Run()
   en Microsoft.Crm.Services.Utility.CrmSvcUtil.Main(String[] args)
CrmSvcUtil Error: 2 : ===== DETAIL ======
CrmSvcUtil Error: 2 : Source	: CrmSvcUtil
Method	: CreateInstance
Date	: 8:09:09
Time	: 17/01/2018
Error	: Could not load provider of type 'CrmSvcUtilExtensions.BasicFilteringService, CrmSvcUtilExtensions'
Stack Trace	: en Microsoft.Crm.Services.Utility.ServiceFactory.CreateInstance[TIService](TIService defaultServiceInstance, String parameterValue, CrmSvcUtilParameters parameters)
   en Microsoft.Crm.Services.Utility.ServiceProvider.InitializeServices(CrmSvcUtilParameters parameters)
   en Microsoft.Crm.Services.Utility.CrmSvcUtil.get_ServiceProvider()
   en Microsoft.Crm.Services.Utility.CrmSvcUtil.Run()
   en Microsoft.Crm.Services.Utility.CrmSvcUtil.Main(String[] args)
======================================================================================================================

CrmSvcUtil Error: 2 : Exiting program with exit code 2 due to exception : System.NotSupportedException: Could not load provider of type 'Microsoft.Crm.Sdk.Samples.FilteringService, GeneratePicklistEnums'
   en Microsoft.Crm.Services.Utility.ServiceFactory.CreateInstance[TIService](TIService defaultServiceInstance, String parameterValue, CrmSvcUtilParameters parameters)
   en Microsoft.Crm.Services.Utility.ServiceProvider.InitializeServices(CrmSvcUtilParameters parameters)
   en Microsoft.Crm.Services.Utility.CrmSvcUtil.get_ServiceProvider()
   en Microsoft.Crm.Services.Utility.CrmSvcUtil.Run()
   en Microsoft.Crm.Services.Utility.CrmSvcUtil.Main(String[] args)
CrmSvcUtil Error: 2 : ===== DETAIL ======
CrmSvcUtil Error: 2 : Source	: CrmSvcUtil
Method	: CreateInstance
Date	: 8:09:10
Time	: 17/01/2018
Error	: Could not load provider of type 'Microsoft.Crm.Sdk.Samples.FilteringService, GeneratePicklistEnums'
Stack Trace	: en Microsoft.Crm.Services.Utility.ServiceFactory.CreateInstance[TIService](TIService defaultServiceInstance, String parameterValue, CrmSvcUtilParameters parameters)
   en Microsoft.Crm.Services.Utility.ServiceProvider.InitializeServices(CrmSvcUtilParameters parameters)
   en Microsoft.Crm.Services.Utility.CrmSvcUtil.get_ServiceProvider()
   en Microsoft.Crm.Services.Utility.CrmSvcUtil.Run()
   en Microsoft.Crm.Services.Utility.CrmSvcUtil.Main(String[] args)
======================================================================================================================

CrmSvcUtil Error: 2 : Exiting program with exit code 2 due to exception : System.IO.FileLoadException: No se puede cargar el archivo o ensamblado 'CrmSvcUtil, Version=8.0.0.0, Culture=neutral, PublicKeyToken=31bf3856ad364e35' ni una de sus dependencias. La definición del manifiesto del ensamblado no coincide con la referencia al ensamblado. (Excepción de HRESULT: 0x80131040)
Nombre de archivo: 'CrmSvcUtil, Version=8.0.0.0, Culture=neutral, PublicKeyToken=31bf3856ad364e35'
   en System.RuntimeTypeHandle.GetTypeByName(String name, Boolean throwOnError, Boolean ignoreCase, Boolean reflectionOnly, StackCrawlMarkHandle stackMark, IntPtr pPrivHostBinder, Boolean loadTypeFromPartialName, ObjectHandleOnStack type)
   en System.RuntimeTypeHandle.GetTypeByName(String name, Boolean throwOnError, Boolean ignoreCase, Boolean reflectionOnly, StackCrawlMark& stackMark, IntPtr pPrivHostBinder, Boolean loadTypeFromPartialName)
   en System.Type.GetType(String typeName, Boolean throwOnError)
   en Microsoft.Crm.Services.Utility.ServiceFactory.CreateInstance[TIService](TIService defaultServiceInstance, String parameterValue, CrmSvcUtilParameters parameters)
   en Microsoft.Crm.Services.Utility.ServiceProvider.InitializeServices(CrmSvcUtilParameters parameters)
   en Microsoft.Crm.Services.Utility.CrmSvcUtil.get_ServiceProvider()
   en Microsoft.Crm.Services.Utility.CrmSvcUtil.Run()
   en Microsoft.Crm.Services.Utility.CrmSvcUtil.Main(String[] args)

AVS: El registro del enlace de ensamblado está desactivado.
Para habilitar el registro de errores del enlace de ensamblado, establezca el valor de Registro [HKLM\Software\Microsoft\Fusion!EnableLog] (DWORD) como 1.
Nota: existe una disminución del rendimiento asociada registro de errores del enlace de ensamblado.
Para desactivar esta característica, elimine el valor de Registro [HKLM\Software\Microsoft\Fusion!EnableLog].

CrmSvcUtil Error: 2 : ===== DETAIL ======
CrmSvcUtil Error: 2 : Source	: mscorlib
Method	: GetTypeByName
Date	: 8:11:23
Time	: 17/01/2018
Error	: No se puede cargar el archivo o ensamblado 'CrmSvcUtil, Version=8.0.0.0, Culture=neutral, PublicKeyToken=31bf3856ad364e35' ni una de sus dependencias. La definición del manifiesto del ensamblado no coincide con la referencia al ensamblado. (Excepción de HRESULT: 0x80131040)
Stack Trace	: en System.RuntimeTypeHandle.GetTypeByName(String name, Boolean throwOnError, Boolean ignoreCase, Boolean reflectionOnly, StackCrawlMarkHandle stackMark, IntPtr pPrivHostBinder, Boolean loadTypeFromPartialName, ObjectHandleOnStack type)
   en System.RuntimeTypeHandle.GetTypeByName(String name, Boolean throwOnError, Boolean ignoreCase, Boolean reflectionOnly, StackCrawlMark& stackMark, IntPtr pPrivHostBinder, Boolean loadTypeFromPartialName)
   en System.Type.GetType(String typeName, Boolean throwOnError)
   en Microsoft.Crm.Services.Utility.ServiceFactory.CreateInstance[TIService](TIService defaultServiceInstance, String parameterValue, CrmSvcUtilParameters parameters)
   en Microsoft.Crm.Services.Utility.ServiceProvider.InitializeServices(CrmSvcUtilParameters parameters)
   en Microsoft.Crm.Services.Utility.CrmSvcUtil.get_ServiceProvider()
   en Microsoft.Crm.Services.Utility.CrmSvcUtil.Run()
   en Microsoft.Crm.Services.Utility.CrmSvcUtil.Main(String[] args)
======================================================================================================================

CrmSvcUtil Error: 2 : Exiting program with exit code 2 due to exception : System.IO.FileLoadException: No se puede cargar el archivo o ensamblado 'CrmSvcUtil, Version=8.0.0.0, Culture=neutral, PublicKeyToken=31bf3856ad364e35' ni una de sus dependencias. La definición del manifiesto del ensamblado no coincide con la referencia al ensamblado. (Excepción de HRESULT: 0x80131040)
Nombre de archivo: 'CrmSvcUtil, Version=8.0.0.0, Culture=neutral, PublicKeyToken=31bf3856ad364e35'
   en System.RuntimeTypeHandle.GetTypeByName(String name, Boolean throwOnError, Boolean ignoreCase, Boolean reflectionOnly, StackCrawlMarkHandle stackMark, IntPtr pPrivHostBinder, Boolean loadTypeFromPartialName, ObjectHandleOnStack type)
   en System.RuntimeTypeHandle.GetTypeByName(String name, Boolean throwOnError, Boolean ignoreCase, Boolean reflectionOnly, StackCrawlMark& stackMark, IntPtr pPrivHostBinder, Boolean loadTypeFromPartialName)
   en System.Type.GetType(String typeName, Boolean throwOnError)
   en Microsoft.Crm.Services.Utility.ServiceFactory.CreateInstance[TIService](TIService defaultServiceInstance, String parameterValue, CrmSvcUtilParameters parameters)
   en Microsoft.Crm.Services.Utility.ServiceProvider.InitializeServices(CrmSvcUtilParameters parameters)
   en Microsoft.Crm.Services.Utility.CrmSvcUtil.get_ServiceProvider()
   en Microsoft.Crm.Services.Utility.CrmSvcUtil.Run()
   en Microsoft.Crm.Services.Utility.CrmSvcUtil.Main(String[] args)

AVS: El registro del enlace de ensamblado está desactivado.
Para habilitar el registro de errores del enlace de ensamblado, establezca el valor de Registro [HKLM\Software\Microsoft\Fusion!EnableLog] (DWORD) como 1.
Nota: existe una disminución del rendimiento asociada registro de errores del enlace de ensamblado.
Para desactivar esta característica, elimine el valor de Registro [HKLM\Software\Microsoft\Fusion!EnableLog].

CrmSvcUtil Error: 2 : ===== DETAIL ======
CrmSvcUtil Error: 2 : Source	: mscorlib
Method	: GetTypeByName
Date	: 8:11:23
Time	: 17/01/2018
Error	: No se puede cargar el archivo o ensamblado 'CrmSvcUtil, Version=8.0.0.0, Culture=neutral, PublicKeyToken=31bf3856ad364e35' ni una de sus dependencias. La definición del manifiesto del ensamblado no coincide con la referencia al ensamblado. (Excepción de HRESULT: 0x80131040)
Stack Trace	: en System.RuntimeTypeHandle.GetTypeByName(String name, Boolean throwOnError, Boolean ignoreCase, Boolean reflectionOnly, StackCrawlMarkHandle stackMark, IntPtr pPrivHostBinder, Boolean loadTypeFromPartialName, ObjectHandleOnStack type)
   en System.RuntimeTypeHandle.GetTypeByName(String name, Boolean throwOnError, Boolean ignoreCase, Boolean reflectionOnly, StackCrawlMark& stackMark, IntPtr pPrivHostBinder, Boolean loadTypeFromPartialName)
   en System.Type.GetType(String typeName, Boolean throwOnError)
   en Microsoft.Crm.Services.Utility.ServiceFactory.CreateInstance[TIService](TIService defaultServiceInstance, String parameterValue, CrmSvcUtilParameters parameters)
   en Microsoft.Crm.Services.Utility.ServiceProvider.InitializeServices(CrmSvcUtilParameters parameters)
   en Microsoft.Crm.Services.Utility.CrmSvcUtil.get_ServiceProvider()
   en Microsoft.Crm.Services.Utility.CrmSvcUtil.Run()
   en Microsoft.Crm.Services.Utility.CrmSvcUtil.Main(String[] args)
======================================================================================================================

